<?xml version="1.0" encoding="UTF-8"?>
<testng-results ignored="0" total="1" passed="1" failed="0" skipped="0">
  <reporter-output>
  </reporter-output>
  <suite started-at="2024-05-08T11:35:44 IST" name="Default suite" finished-at="2024-05-08T11:35:44 IST" duration-ms="60">
    <groups>
    </groups>
    <test started-at="2024-05-08T11:35:44 IST" name="Default test" finished-at="2024-05-08T11:35:44 IST" duration-ms="60">
      <class name="com.test.LoginTest">
        <test-method signature="add()[pri:0, instance:com.test.LoginTest@769e7ee8]" started-at="2024-05-08T11:35:44 IST" name="add" finished-at="2024-05-08T11:35:44 IST" duration-ms="11" status="PASS">
          <reporter-output>
          </reporter-output>
        </test-method> <!-- add -->
      </class> <!-- com.test.LoginTest -->
    </test> <!-- Default test -->
  </suite> <!-- Default suite -->
</testng-results>
